  main.cpp
f:\dropbox\share_with_pengyou\k-hop_vertex_cover_ijcai2020\kpathcover\kpathcover\graph.h(399): warning C4018: '<=': signed/unsigned mismatch
f:\dropbox\share_with_pengyou\k-hop_vertex_cover_ijcai2020\kpathcover\kpathcover\graph.h(736): warning C4018: '<': signed/unsigned mismatch
f:\dropbox\share_with_pengyou\k-hop_vertex_cover_ijcai2020\kpathcover\kpathcover\graph.h(748): warning C4018: '<': signed/unsigned mismatch
f:\dropbox\share_with_pengyou\k-hop_vertex_cover_ijcai2020\kpathcover\kpathcover\graph.h(750): warning C4018: '<': signed/unsigned mismatch
f:\dropbox\share_with_pengyou\k-hop_vertex_cover_ijcai2020\kpathcover\kpathcover\graph.h(924): warning C4018: '<': signed/unsigned mismatch
f:\dropbox\share_with_pengyou\k-hop_vertex_cover_ijcai2020\kpathcover\kpathcover\graph.h(975): warning C4018: '<': signed/unsigned mismatch
f:\dropbox\share_with_pengyou\k-hop_vertex_cover_ijcai2020\kpathcover\kpathcover\graph.h(1070): warning C4018: '<': signed/unsigned mismatch
f:\dropbox\share_with_pengyou\k-hop_vertex_cover_ijcai2020\kpathcover\kpathcover\graph.h(1085): warning C4018: '<': signed/unsigned mismatch
f:\dropbox\share_with_pengyou\k-hop_vertex_cover_ijcai2020\kpathcover\kpathcover\graph.h(1118): warning C4018: '<': signed/unsigned mismatch
f:\dropbox\share_with_pengyou\k-hop_vertex_cover_ijcai2020\kpathcover\kpathcover\graph.h(1129): warning C4018: '<=': signed/unsigned mismatch
f:\dropbox\share_with_pengyou\k-hop_vertex_cover_ijcai2020\kpathcover\kpathcover\graph.h(1133): warning C4018: '<': signed/unsigned mismatch
f:\dropbox\share_with_pengyou\k-hop_vertex_cover_ijcai2020\kpathcover\kpathcover\graph.h(1176): warning C4018: '<': signed/unsigned mismatch
f:\dropbox\share_with_pengyou\k-hop_vertex_cover_ijcai2020\kpathcover\kpathcover\graph.h(1188): warning C4018: '<=': signed/unsigned mismatch
f:\dropbox\share_with_pengyou\k-hop_vertex_cover_ijcai2020\kpathcover\kpathcover\graph.h(1193): warning C4018: '<': signed/unsigned mismatch
f:\dropbox\share_with_pengyou\k-hop_vertex_cover_ijcai2020\kpathcover\kpathcover\graph.h(1274): warning C4018: '<': signed/unsigned mismatch
f:\dropbox\share_with_pengyou\k-hop_vertex_cover_ijcai2020\kpathcover\kpathcover\graph.h(1288): warning C4018: '<': signed/unsigned mismatch
f:\dropbox\share_with_pengyou\k-hop_vertex_cover_ijcai2020\kpathcover\kpathcover\graph.h(1375): warning C4018: '<': signed/unsigned mismatch
f:\dropbox\share_with_pengyou\k-hop_vertex_cover_ijcai2020\kpathcover\kpathcover\graph.h(1389): warning C4018: '<': signed/unsigned mismatch
f:\dropbox\share_with_pengyou\k-hop_vertex_cover_ijcai2020\kpathcover\kpathcover\graph.h(1795): warning C4101: 'cur_node': unreferenced local variable
f:\dropbox\share_with_pengyou\k-hop_vertex_cover_ijcai2020\kpathcover\kpathcover\graph.h(1798): warning C4101: 'next_node': unreferenced local variable
f:\dropbox\share_with_pengyou\k-hop_vertex_cover_ijcai2020\kpathcover\kpathcover\graph.h(1948): warning C4101: 'cur_node': unreferenced local variable
f:\dropbox\share_with_pengyou\k-hop_vertex_cover_ijcai2020\kpathcover\kpathcover\graph.h(1951): warning C4101: 'next_node': unreferenced local variable
  Generating code
  10 of 1331 functions ( 0.8%) were compiled, the rest were copied from previous compilation.
    0 functions were new in current compilation
    0 functions had inline decision re-evaluated but remain unchanged
  Finished generating code
  kPathCover.vcxproj -> F:\Dropbox\share_with_pengyou\k-hop_vertex_cover_ijcai2020\kPathCover\Release\kPathCover.exe
