f:\dropbox\share_with_pengyou\k-hop_vertex_cover_ijcai2020\kpathcover\kpathcover\release\vc141.pdb
f:\dropbox\share_with_pengyou\k-hop_vertex_cover_ijcai2020\kpathcover\kpathcover\release\k_hop_vertex_cover.obj
f:\dropbox\share_with_pengyou\k-hop_vertex_cover_ijcai2020\kpathcover\kpathcover\release\graph.obj
f:\dropbox\share_with_pengyou\k-hop_vertex_cover_ijcai2020\kpathcover\kpathcover\release\main.obj
f:\dropbox\share_with_pengyou\k-hop_vertex_cover_ijcai2020\kpathcover\kpathcover\release\k_reach_total_order.obj
f:\dropbox\share_with_pengyou\k-hop_vertex_cover_ijcai2020\kpathcover\kpathcover\release\dynamic_shortestpath_distance.obj
f:\dropbox\share_with_pengyou\k-hop_vertex_cover_ijcai2020\kpathcover\kpathcover\release\data_clean.obj
f:\dropbox\share_with_pengyou\k-hop_vertex_cover_ijcai2020\kpathcover\kpathcover\release\bfs_prune.obj
f:\dropbox\share_with_pengyou\k-hop_vertex_cover_ijcai2020\kpathcover\release\kpathcover.ipdb
f:\dropbox\share_with_pengyou\k-hop_vertex_cover_ijcai2020\kpathcover\release\kpathcover.iobj
f:\dropbox\share_with_pengyou\k-hop_vertex_cover_ijcai2020\kpathcover\release\kpathcover.exe
f:\dropbox\share_with_pengyou\k-hop_vertex_cover_ijcai2020\kpathcover\release\kpathcover.pdb
f:\dropbox\share_with_pengyou\k-hop_vertex_cover_ijcai2020\kpathcover\kpathcover\release\main (peng you 的冲突副本 2020-01-07).obj
f:\dropbox\share_with_pengyou\k-hop_vertex_cover_ijcai2020\kpathcover\kpathcover\release\kpathcover.tlog\cl.command.1.tlog
f:\dropbox\share_with_pengyou\k-hop_vertex_cover_ijcai2020\kpathcover\kpathcover\release\kpathcover.tlog\cl.read.1.tlog
f:\dropbox\share_with_pengyou\k-hop_vertex_cover_ijcai2020\kpathcover\kpathcover\release\kpathcover.tlog\cl.write.1.tlog
f:\dropbox\share_with_pengyou\k-hop_vertex_cover_ijcai2020\kpathcover\kpathcover\release\kpathcover.tlog\kpathcover.write.1u.tlog
f:\dropbox\share_with_pengyou\k-hop_vertex_cover_ijcai2020\kpathcover\kpathcover\release\kpathcover.tlog\link.command.1.tlog
f:\dropbox\share_with_pengyou\k-hop_vertex_cover_ijcai2020\kpathcover\kpathcover\release\kpathcover.tlog\link.read.1.tlog
f:\dropbox\share_with_pengyou\k-hop_vertex_cover_ijcai2020\kpathcover\kpathcover\release\kpathcover.tlog\link.write.1.tlog
