  k_hop_vertex_cover.cpp
f:\dropbox\share_with_pengyou\k-hop_vertex_cover_ijcai2020\kpathcover\kpathcover\graph.h(399): warning C4018: '<=': signed/unsigned mismatch
f:\dropbox\share_with_pengyou\k-hop_vertex_cover_ijcai2020\kpathcover\kpathcover\graph.h(736): warning C4018: '<': signed/unsigned mismatch
f:\dropbox\share_with_pengyou\k-hop_vertex_cover_ijcai2020\kpathcover\kpathcover\graph.h(748): warning C4018: '<': signed/unsigned mismatch
f:\dropbox\share_with_pengyou\k-hop_vertex_cover_ijcai2020\kpathcover\kpathcover\graph.h(750): warning C4018: '<': signed/unsigned mismatch
f:\dropbox\share_with_pengyou\k-hop_vertex_cover_ijcai2020\kpathcover\kpathcover\graph.h(924): warning C4018: '<': signed/unsigned mismatch
f:\dropbox\share_with_pengyou\k-hop_vertex_cover_ijcai2020\kpathcover\kpathcover\graph.h(975): warning C4018: '<': signed/unsigned mismatch
f:\dropbox\share_with_pengyou\k-hop_vertex_cover_ijcai2020\kpathcover\kpathcover\graph.h(1070): warning C4018: '<': signed/unsigned mismatch
f:\dropbox\share_with_pengyou\k-hop_vertex_cover_ijcai2020\kpathcover\kpathcover\graph.h(1085): warning C4018: '<': signed/unsigned mismatch
f:\dropbox\share_with_pengyou\k-hop_vertex_cover_ijcai2020\kpathcover\kpathcover\graph.h(1118): warning C4018: '<': signed/unsigned mismatch
f:\dropbox\share_with_pengyou\k-hop_vertex_cover_ijcai2020\kpathcover\kpathcover\graph.h(1129): warning C4018: '<=': signed/unsigned mismatch
f:\dropbox\share_with_pengyou\k-hop_vertex_cover_ijcai2020\kpathcover\kpathcover\graph.h(1133): warning C4018: '<': signed/unsigned mismatch
f:\dropbox\share_with_pengyou\k-hop_vertex_cover_ijcai2020\kpathcover\kpathcover\graph.h(1176): warning C4018: '<': signed/unsigned mismatch
f:\dropbox\share_with_pengyou\k-hop_vertex_cover_ijcai2020\kpathcover\kpathcover\graph.h(1188): warning C4018: '<=': signed/unsigned mismatch
f:\dropbox\share_with_pengyou\k-hop_vertex_cover_ijcai2020\kpathcover\kpathcover\graph.h(1193): warning C4018: '<': signed/unsigned mismatch
f:\dropbox\share_with_pengyou\k-hop_vertex_cover_ijcai2020\kpathcover\kpathcover\graph.h(1274): warning C4018: '<': signed/unsigned mismatch
f:\dropbox\share_with_pengyou\k-hop_vertex_cover_ijcai2020\kpathcover\kpathcover\graph.h(1288): warning C4018: '<': signed/unsigned mismatch
f:\dropbox\share_with_pengyou\k-hop_vertex_cover_ijcai2020\kpathcover\kpathcover\graph.h(1375): warning C4018: '<': signed/unsigned mismatch
f:\dropbox\share_with_pengyou\k-hop_vertex_cover_ijcai2020\kpathcover\kpathcover\graph.h(1389): warning C4018: '<': signed/unsigned mismatch
f:\dropbox\share_with_pengyou\k-hop_vertex_cover_ijcai2020\kpathcover\kpathcover\graph.h(1795): warning C4101: 'cur_node': unreferenced local variable
f:\dropbox\share_with_pengyou\k-hop_vertex_cover_ijcai2020\kpathcover\kpathcover\graph.h(1798): warning C4101: 'next_node': unreferenced local variable
f:\dropbox\share_with_pengyou\k-hop_vertex_cover_ijcai2020\kpathcover\kpathcover\graph.h(1948): warning C4101: 'cur_node': unreferenced local variable
f:\dropbox\share_with_pengyou\k-hop_vertex_cover_ijcai2020\kpathcover\kpathcover\graph.h(1951): warning C4101: 'next_node': unreferenced local variable
f:\dropbox\share_with_pengyou\k-hop_vertex_cover_ijcai2020\kpathcover\kpathcover\k_hop_vertex_cover.cpp(4): warning C4244: 'initializing': conversion from '__int64' to 'unsigned int', possible loss of data
f:\dropbox\share_with_pengyou\k-hop_vertex_cover_ijcai2020\kpathcover\kpathcover\k_hop_vertex_cover.cpp(25): warning C4244: 'argument': conversion from '__int64' to 'const unsigned int', possible loss of data
f:\dropbox\share_with_pengyou\k-hop_vertex_cover_ijcai2020\kpathcover\kpathcover\k_hop_vertex_cover.cpp(89): warning C4018: '>=': signed/unsigned mismatch
f:\dropbox\share_with_pengyou\k-hop_vertex_cover_ijcai2020\kpathcover\kpathcover\k_hop_vertex_cover.cpp(110): warning C4018: '<': signed/unsigned mismatch
f:\dropbox\share_with_pengyou\k-hop_vertex_cover_ijcai2020\kpathcover\kpathcover\k_hop_vertex_cover.cpp(114): warning C4018: '<': signed/unsigned mismatch
f:\dropbox\share_with_pengyou\k-hop_vertex_cover_ijcai2020\kpathcover\kpathcover\k_hop_vertex_cover.cpp(137): warning C4018: '>=': signed/unsigned mismatch
f:\dropbox\share_with_pengyou\k-hop_vertex_cover_ijcai2020\kpathcover\kpathcover\k_hop_vertex_cover.cpp(307): warning C4244: 'argument': conversion from '__int64' to 'unsigned int', possible loss of data
f:\dropbox\share_with_pengyou\k-hop_vertex_cover_ijcai2020\kpathcover\kpathcover\k_hop_vertex_cover.cpp(319): warning C4244: 'argument': conversion from '__int64' to 'unsigned int', possible loss of data
f:\dropbox\share_with_pengyou\k-hop_vertex_cover_ijcai2020\kpathcover\kpathcover\k_hop_vertex_cover.cpp(325): warning C4244: 'argument': conversion from '__int64' to 'unsigned int', possible loss of data
f:\dropbox\share_with_pengyou\k-hop_vertex_cover_ijcai2020\kpathcover\kpathcover\k_hop_vertex_cover.cpp(343): warning C4244: 'argument': conversion from '__int64' to 'unsigned int', possible loss of data
f:\dropbox\share_with_pengyou\k-hop_vertex_cover_ijcai2020\kpathcover\kpathcover\k_hop_vertex_cover.cpp(349): warning C4244: 'argument': conversion from '__int64' to 'unsigned int', possible loss of data
f:\dropbox\share_with_pengyou\k-hop_vertex_cover_ijcai2020\kpathcover\kpathcover\k_hop_vertex_cover.cpp(355): warning C4244: 'argument': conversion from '__int64' to 'unsigned int', possible loss of data
f:\dropbox\share_with_pengyou\k-hop_vertex_cover_ijcai2020\kpathcover\kpathcover\k_hop_vertex_cover.cpp(380): warning C4244: 'argument': conversion from '__int64' to 'unsigned int', possible loss of data
f:\dropbox\share_with_pengyou\k-hop_vertex_cover_ijcai2020\kpathcover\kpathcover\k_hop_vertex_cover.cpp(384): warning C4244: 'argument': conversion from '__int64' to 'unsigned int', possible loss of data
f:\dropbox\share_with_pengyou\k-hop_vertex_cover_ijcai2020\kpathcover\kpathcover\k_hop_vertex_cover.cpp(392): warning C4244: 'argument': conversion from '__int64' to 'unsigned int', possible loss of data
f:\dropbox\share_with_pengyou\k-hop_vertex_cover_ijcai2020\kpathcover\kpathcover\k_hop_vertex_cover.cpp(456): warning C4244: 'argument': conversion from '__int64' to 'const unsigned int', possible loss of data
f:\dropbox\share_with_pengyou\k-hop_vertex_cover_ijcai2020\kpathcover\kpathcover\k_hop_vertex_cover.cpp(465): warning C4244: 'argument': conversion from '__int64' to 'const unsigned int', possible loss of data
f:\dropbox\share_with_pengyou\k-hop_vertex_cover_ijcai2020\kpathcover\kpathcover\k_hop_vertex_cover.cpp(467): warning C4244: 'argument': conversion from '__int64' to 'const unsigned int', possible loss of data
f:\dropbox\share_with_pengyou\k-hop_vertex_cover_ijcai2020\kpathcover\kpathcover\k_hop_vertex_cover.cpp(476): warning C4244: 'argument': conversion from '__int64' to 'const unsigned int', possible loss of data
f:\dropbox\share_with_pengyou\k-hop_vertex_cover_ijcai2020\kpathcover\kpathcover\k_hop_vertex_cover.cpp(478): warning C4244: 'argument': conversion from '__int64' to 'const unsigned int', possible loss of data
f:\dropbox\share_with_pengyou\k-hop_vertex_cover_ijcai2020\kpathcover\kpathcover\k_hop_vertex_cover.cpp(483): warning C4244: 'argument': conversion from '__int64' to 'const unsigned int', possible loss of data
f:\dropbox\share_with_pengyou\k-hop_vertex_cover_ijcai2020\kpathcover\kpathcover\k_hop_vertex_cover.cpp(490): warning C4244: 'initializing': conversion from '__int64' to 'unsigned int', possible loss of data
f:\dropbox\share_with_pengyou\k-hop_vertex_cover_ijcai2020\kpathcover\kpathcover\k_hop_vertex_cover.cpp(492): warning C4244: 'initializing': conversion from '__int64' to 'unsigned int', possible loss of data
f:\dropbox\share_with_pengyou\k-hop_vertex_cover_ijcai2020\kpathcover\kpathcover\k_hop_vertex_cover.cpp(515): warning C4244: 'argument': conversion from '__int64' to 'unsigned int', possible loss of data
f:\dropbox\share_with_pengyou\k-hop_vertex_cover_ijcai2020\kpathcover\kpathcover\k_hop_vertex_cover.cpp(804): warning C4244: 'initializing': conversion from '__int64' to 'unsigned int', possible loss of data
f:\dropbox\share_with_pengyou\k-hop_vertex_cover_ijcai2020\kpathcover\kpathcover\k_hop_vertex_cover.cpp(932): warning C4244: 'initializing': conversion from '__int64' to 'unsigned int', possible loss of data
f:\dropbox\share_with_pengyou\k-hop_vertex_cover_ijcai2020\kpathcover\kpathcover\k_hop_vertex_cover.cpp(954): warning C4244: 'argument': conversion from '__int64' to 'unsigned int', possible loss of data
f:\dropbox\share_with_pengyou\k-hop_vertex_cover_ijcai2020\kpathcover\kpathcover\k_hop_vertex_cover.cpp(962): warning C4244: 'argument': conversion from '__int64' to 'const unsigned int', possible loss of data
f:\dropbox\share_with_pengyou\k-hop_vertex_cover_ijcai2020\kpathcover\kpathcover\k_hop_vertex_cover.cpp(999): warning C4244: 'argument': conversion from '__int64' to 'unsigned int', possible loss of data
f:\dropbox\share_with_pengyou\k-hop_vertex_cover_ijcai2020\kpathcover\kpathcover\k_hop_vertex_cover.cpp(1000): warning C4244: 'argument': conversion from '__int64' to 'unsigned int', possible loss of data
f:\dropbox\share_with_pengyou\k-hop_vertex_cover_ijcai2020\kpathcover\kpathcover\k_hop_vertex_cover.cpp(1044): warning C4244: 'argument': conversion from '__int64' to 'unsigned int', possible loss of data
f:\dropbox\share_with_pengyou\k-hop_vertex_cover_ijcai2020\kpathcover\kpathcover\k_hop_vertex_cover.cpp(1045): warning C4244: 'argument': conversion from '__int64' to 'unsigned int', possible loss of data
f:\dropbox\share_with_pengyou\k-hop_vertex_cover_ijcai2020\kpathcover\kpathcover\k_hop_vertex_cover.cpp(1094): warning C4244: 'initializing': conversion from '__int64' to 'unsigned int', possible loss of data
f:\dropbox\share_with_pengyou\k-hop_vertex_cover_ijcai2020\kpathcover\kpathcover\k_hop_vertex_cover.cpp(1116): warning C4244: 'argument': conversion from '__int64' to 'unsigned int', possible loss of data
f:\dropbox\share_with_pengyou\k-hop_vertex_cover_ijcai2020\kpathcover\kpathcover\k_hop_vertex_cover.cpp(1124): warning C4244: 'argument': conversion from '__int64' to 'const unsigned int', possible loss of data
f:\dropbox\share_with_pengyou\k-hop_vertex_cover_ijcai2020\kpathcover\kpathcover\k_hop_vertex_cover.cpp(1132): warning C4244: 'argument': conversion from '__int64' to 'unsigned int', possible loss of data
f:\dropbox\share_with_pengyou\k-hop_vertex_cover_ijcai2020\kpathcover\kpathcover\k_hop_vertex_cover.cpp(1146): warning C4244: 'argument': conversion from '__int64' to 'unsigned int', possible loss of data
f:\dropbox\share_with_pengyou\k-hop_vertex_cover_ijcai2020\kpathcover\kpathcover\k_hop_vertex_cover.cpp(1158): warning C4244: 'argument': conversion from '__int64' to 'unsigned int', possible loss of data
f:\dropbox\share_with_pengyou\k-hop_vertex_cover_ijcai2020\kpathcover\kpathcover\k_hop_vertex_cover.cpp(1159): warning C4244: 'argument': conversion from '__int64' to 'unsigned int', possible loss of data
f:\dropbox\share_with_pengyou\k-hop_vertex_cover_ijcai2020\kpathcover\kpathcover\k_hop_vertex_cover.cpp(1211): warning C4244: 'initializing': conversion from '__int64' to 'unsigned int', possible loss of data
f:\dropbox\share_with_pengyou\k-hop_vertex_cover_ijcai2020\kpathcover\kpathcover\k_hop_vertex_cover.cpp(1233): warning C4244: 'argument': conversion from '__int64' to 'unsigned int', possible loss of data
f:\dropbox\share_with_pengyou\k-hop_vertex_cover_ijcai2020\kpathcover\kpathcover\k_hop_vertex_cover.cpp(1241): warning C4244: 'argument': conversion from '__int64' to 'const unsigned int', possible loss of data
f:\dropbox\share_with_pengyou\k-hop_vertex_cover_ijcai2020\kpathcover\kpathcover\k_hop_vertex_cover.cpp(1249): warning C4244: 'argument': conversion from '__int64' to 'unsigned int', possible loss of data
f:\dropbox\share_with_pengyou\k-hop_vertex_cover_ijcai2020\kpathcover\kpathcover\k_hop_vertex_cover.cpp(1263): warning C4244: 'argument': conversion from '__int64' to 'unsigned int', possible loss of data
f:\dropbox\share_with_pengyou\k-hop_vertex_cover_ijcai2020\kpathcover\kpathcover\k_hop_vertex_cover.cpp(1275): warning C4244: 'argument': conversion from '__int64' to 'unsigned int', possible loss of data
f:\dropbox\share_with_pengyou\k-hop_vertex_cover_ijcai2020\kpathcover\kpathcover\k_hop_vertex_cover.cpp(1276): warning C4244: 'argument': conversion from '__int64' to 'unsigned int', possible loss of data
f:\dropbox\share_with_pengyou\k-hop_vertex_cover_ijcai2020\kpathcover\kpathcover\k_hop_vertex_cover.cpp(1328): warning C4244: 'initializing': conversion from '__int64' to 'unsigned int', possible loss of data
f:\dropbox\share_with_pengyou\k-hop_vertex_cover_ijcai2020\kpathcover\kpathcover\k_hop_vertex_cover.cpp(1350): warning C4244: 'argument': conversion from '__int64' to 'unsigned int', possible loss of data
f:\dropbox\share_with_pengyou\k-hop_vertex_cover_ijcai2020\kpathcover\kpathcover\k_hop_vertex_cover.cpp(1358): warning C4244: 'argument': conversion from '__int64' to 'const unsigned int', possible loss of data
f:\dropbox\share_with_pengyou\k-hop_vertex_cover_ijcai2020\kpathcover\kpathcover\k_hop_vertex_cover.cpp(1366): warning C4244: 'argument': conversion from '__int64' to 'unsigned int', possible loss of data
f:\dropbox\share_with_pengyou\k-hop_vertex_cover_ijcai2020\kpathcover\kpathcover\k_hop_vertex_cover.cpp(1380): warning C4244: 'argument': conversion from '__int64' to 'unsigned int', possible loss of data
f:\dropbox\share_with_pengyou\k-hop_vertex_cover_ijcai2020\kpathcover\kpathcover\k_hop_vertex_cover.cpp(1392): warning C4244: 'argument': conversion from '__int64' to 'unsigned int', possible loss of data
f:\dropbox\share_with_pengyou\k-hop_vertex_cover_ijcai2020\kpathcover\kpathcover\k_hop_vertex_cover.cpp(1393): warning C4244: 'argument': conversion from '__int64' to 'unsigned int', possible loss of data
f:\dropbox\share_with_pengyou\k-hop_vertex_cover_ijcai2020\kpathcover\kpathcover\k_hop_vertex_cover.cpp(1527): warning C4244: 'initializing': conversion from '__int64' to 'unsigned int', possible loss of data
f:\dropbox\share_with_pengyou\k-hop_vertex_cover_ijcai2020\kpathcover\kpathcover\k_hop_vertex_cover.cpp(1528): warning C4244: 'initializing': conversion from '__int64' to 'unsigned int', possible loss of data
f:\dropbox\share_with_pengyou\k-hop_vertex_cover_ijcai2020\kpathcover\kpathcover\k_hop_vertex_cover.cpp(1529): warning C4244: 'initializing': conversion from '__int64' to 'unsigned int', possible loss of data
f:\dropbox\share_with_pengyou\k-hop_vertex_cover_ijcai2020\kpathcover\kpathcover\k_hop_vertex_cover.cpp(1534): warning C4101: 'node1': unreferenced local variable
f:\dropbox\share_with_pengyou\k-hop_vertex_cover_ijcai2020\kpathcover\kpathcover\k_hop_vertex_cover.cpp(1474): warning C4101: 'y': unreferenced local variable
f:\dropbox\share_with_pengyou\k-hop_vertex_cover_ijcai2020\kpathcover\kpathcover\k_hop_vertex_cover.cpp(1534): warning C4101: 'cur_distance': unreferenced local variable
f:\dropbox\share_with_pengyou\k-hop_vertex_cover_ijcai2020\kpathcover\kpathcover\k_hop_vertex_cover.cpp(1474): warning C4101: 'x': unreferenced local variable
